<?xml version="1.0" encoding="UTF-8"?>
<testsuite xmlns:xsi="http://www.w3.org/2001/XMLSchema-instance" xsi:noNamespaceSchemaLocation="https://maven.apache.org/surefire/maven-surefire-plugin/xsd/surefire-test-report-3.0.xsd" version="3.0" name="pl.qaaacademy.todo.item.BasicTodoItemPropertiesTest" time="0.342" tests="21" errors="0" skipped="0" failures="0">
  <properties>
[...]
</properties>
  <testcase name="shouldNotCreateTodoItemWithInvalidTitleAndDescription" classname="pl.qaaacademy.todo.item.BasicTodoItemPropertiesTest" time="0.039">
    <system-out><![CDATA[12:20:38.647 [ForkJoinPool-1-worker-11] ERROR pl.qaaacademy.todo.item.TodoItem - Item title is null or blank
12:20:38.647 [ForkJoinPool-1-worker-3] ERROR pl.qaaacademy.todo.item.TodoItem - Item title is null or blank
12:20:38.647 [ForkJoinPool-1-worker-13] ERROR pl.qaaacademy.todo.item.TodoItem - Item description is null or longer than 250 characters
12:20:38.647 [ForkJoinPool-1-worker-9] WARN  pl.qaaacademy.todo.item.BasicTodoItemPropertiesTest - This is the test log string
12:20:38.647 [ForkJoinPool-1-worker-1] ERROR pl.qaaacademy.todo.item.TodoItem - Status cannot be changed for COMPLETED item
]]></system-out>
  </testcase>
  <testcase name="shouldCreateTodoItemWithTitleAndDescription" classname="pl.qaaacademy.todo.item.BasicTodoItemPropertiesTest" time="0.036"/>
  <testcase name="shouldNotSetANewDescriptionLongerThan250Chars" classname="pl.qaaacademy.todo.item.BasicTodoItemPropertiesTest" time="0.036"/>
  <testcase name="shouldNotToggleStatusFromCompleteToInProgress" classname="pl.qaaacademy.todo.item.BasicTodoItemPropertiesTest" time="0.036"/>
  <testcase name="shouldCompleteATaskRepresentedByItem" classname="pl.qaaacademy.todo.item.BasicTodoItemPropertiesTest" time="0.036"/>
  <testcase name="shouldNotToggleStatusFromPendingToComplete" classname="pl.qaaacademy.todo.item.BasicTodoItemPropertiesTest" time="0.036"/>
  <testcase name="shouldThrowAnExceptionWhileCreatingItemWithEmptyTitle" classname="pl.qaaacademy.todo.item.BasicTodoItemPropertiesTest" time="0.036"/>
  <testcase name="shouldToggleStatusFromInProgressToPending" classname="pl.qaaacademy.todo.item.BasicTodoItemPropertiesTest" time="0.001"/>
  <testcase name="shouldCreateItemWithPendingStatus" classname="pl.qaaacademy.todo.item.BasicTodoItemPropertiesTest" time="0.001"/>
  <testcase name="shouldNotCreateATodoItemWithNullDescription" classname="pl.qaaacademy.todo.item.BasicTodoItemPropertiesTest" time="0.003">
    <system-out><![CDATA[12:20:38.660 [ForkJoinPool-1-worker-3] ERROR pl.qaaacademy.todo.item.TodoItem - Item description is null or longer than 250 characters
12:20:38.660 [ForkJoinPool-1-worker-11] ERROR pl.qaaacademy.todo.item.TodoItem - Item description is null or longer than 250 characters
12:20:38.660 [ForkJoinPool-1-worker-15] ERROR pl.qaaacademy.todo.item.TodoItem - Item title is null or blank
]]></system-out>
  </testcase>
  <testcase name="shouldThrowAnExceptionWhileSettingAnEmptyTitle" classname="pl.qaaacademy.todo.item.BasicTodoItemPropertiesTest" time="0.003"/>
  <testcase name="shouldNotSetAnNullNewDescription" classname="pl.qaaacademy.todo.item.BasicTodoItemPropertiesTest" time="0.003"/>
  <testcase name="shouldToggleStatusFromPendingToInProgress" classname="pl.qaaacademy.todo.item.BasicTodoItemPropertiesTest" time="0"/>
  <testcase name="shouldNotCreateATodoItemWithDescriptionLongerThan250Chars" classname="pl.qaaacademy.todo.item.BasicTodoItemPropertiesTest" time="0.003">
    <system-out><![CDATA[12:20:38.663 [ForkJoinPool-1-worker-7] ERROR pl.qaaacademy.todo.item.TodoItem - Item description is null or longer than 250 characters
]]></system-out>
  </testcase>
  <testcase name="checkingIfExceptionIsThrownWhileSettingTitleThatDoesNotMeetSpecifiedCriteria" classname="pl.qaaacademy.todo.item.BasicTodoItemPropertiesTest" time="0.004">
    <system-out><![CDATA[12:20:38.663 [ForkJoinPool-1-worker-1] ERROR pl.qaaacademy.todo.item.TodoItem - This item title does not meet all given criteria
]]></system-out>
  </testcase>
  <testcase name="shouldCreateValidTodoItemWithArgumentsSource(String, String)[1]" classname="pl.qaaacademy.todo.item.BasicTodoItemPropertiesTest" time="0.006"/>
  <testcase name="shouldCreateValidTodoItemWithArgumentsSource(String, String)[3]" classname="pl.qaaacademy.todo.item.BasicTodoItemPropertiesTest" time="0.051"/>
  <testcase name="shouldCreateValidTodoItemWithArgumentsSource(String, String)[2]" classname="pl.qaaacademy.todo.item.BasicTodoItemPropertiesTest" time="0.006"/>
  <testcase name="shouldCreateValidTodoItemCsvFileSource(String, String)[2]" classname="pl.qaaacademy.todo.item.BasicTodoItemPropertiesTest" time="0"/>
  <testcase name="shouldCreateValidTodoItemCsvFileSource(String, String)[1]" classname="pl.qaaacademy.todo.item.BasicTodoItemPropertiesTest" time="0"/>
  <testcase name="shouldCreateValidTodoItemCsvFileSource(String, String)[3]" classname="pl.qaaacademy.todo.item.BasicTodoItemPropertiesTest" time="0"/>
</testsuite>